<?xml version="1.0" encoding="UTF-8"?>
<testsuite xmlns:xsi="http://www.w3.org/2001/XMLSchema-instance" xsi:noNamespaceSchemaLocation="https://maven.apache.org/surefire/maven-surefire-plugin/xsd/surefire-test-report-3.0.xsd" version="3.0" name="tn.esprit.spring.Services.Etudiant.EtudiantRepositoryTest" time="12.782" tests="5" errors="0" skipped="0" failures="0">
  <properties>
    <property name="java.specification.version" value="17"/>
    <property name="sun.jnu.encoding" value="UTF-8"/>
    <property name="java.class.path" value="/home/vagrant/Desktop/New Folder 1/devops/target/test-classes:/home/vagrant/Desktop/New Folder 1/devops/target/classes:/home/vagrant/.m2/repository/org/springframework/boot/spring-boot-starter-data-jpa/3.1.5/spring-boot-starter-data-jpa-3.1.5.jar:/home/vagrant/.m2/repository/org/springframework/boot/spring-boot-starter-aop/3.1.5/spring-boot-starter-aop-3.1.5.jar:/home/vagrant/.m2/repository/org/springframework/spring-aop/6.0.13/spring-aop-6.0.13.jar:/home/vagrant/.m2/repository/org/aspectj/aspectjweaver/1.9.20/aspectjweaver-1.9.20.jar:/home/vagrant/.m2/repository/org/springframework/boot/spring-boot-starter-jdbc/3.1.5/spring-boot-starter-jdbc-3.1.5.jar:/home/vagrant/.m2/repository/com/zaxxer/HikariCP/5.0.1/HikariCP-5.0.1.jar:/home/vagrant/.m2/repository/org/springframework/spring-jdbc/6.0.13/spring-jdbc-6.0.13.jar:/home/vagrant/.m2/repository/org/hibernate/orm/hibernate-core/6.2.13.Final/hibernate-core-6.2.13.Final.jar:/home/vagrant/.m2/repository/jakarta/persistence/jakarta.persistence-api/3.1.0/jakarta.persistence-api-3.1.0.jar:/home/vagrant/.m2/repository/jakarta/transaction/jakarta.transaction-api/2.0.1/jakarta.transaction-api-2.0.1.jar:/home/vagrant/.m2/repository/org/jboss/logging/jboss-logging/3.5.3.Final/jboss-logging-3.5.3.Final.jar:/home/vagrant/.m2/repository/org/hibernate/common/hibernate-commons-annotations/6.0.6.Final/hibernate-commons-annotations-6.0.6.Final.jar:/home/vagrant/.m2/repository/io/smallrye/jandex/3.0.5/jandex-3.0.5.jar:/home/vagrant/.m2/repository/com/fasterxml/classmate/1.5.1/classmate-1.5.1.jar:/home/vagrant/.m2/repository/net/bytebuddy/byte-buddy/1.14.9/byte-buddy-1.14.9.jar:/home/vagrant/.m2/repository/org/glassfish/jaxb/jaxb-runtime/4.0.3/jaxb-runtime-4.0.3.jar:/home/vagrant/.m2/repository/org/glassfish/jaxb/jaxb-core/4.0.3/jaxb-core-4.0.3.jar:/home/vagrant/.m2/repository/org/eclipse/angus/angus-activation/2.0.1/angus-activation-2.0.1.jar:/home/vagrant/.m2/repository/org/glassfish/jaxb/txw2/4.0.3/txw2-4.0.3.jar:/home/vagrant/.m2/repository/com/sun/istack/istack-commons-runtime/4.1.2/istack-commons-runtime-4.1.2.jar:/home/vagrant/.m2/repository/jakarta/inject/jakarta.inject-api/2.0.1/jakarta.inject-api-2.0.1.jar:/home/vagrant/.m2/repository/org/antlr/antlr4-runtime/4.10.1/antlr4-runtime-4.10.1.jar:/home/vagrant/.m2/repository/org/springframework/data/spring-data-jpa/3.1.5/spring-data-jpa-3.1.5.jar:/home/vagrant/.m2/repository/org/springframework/data/spring-data-commons/3.1.5/spring-data-commons-3.1.5.jar:/home/vagrant/.m2/repository/org/springframework/spring-orm/6.0.13/spring-orm-6.0.13.jar:/home/vagrant/.m2/repository/org/springframework/spring-context/6.0.13/spring-context-6.0.13.jar:/home/vagrant/.m2/repository/org/springframework/spring-tx/6.0.13/spring-tx-6.0.13.jar:/home/vagrant/.m2/repository/org/springframework/spring-beans/6.0.13/spring-beans-6.0.13.jar:/home/vagrant/.m2/repository/jakarta/annotation/jakarta.annotation-api/2.1.1/jakarta.annotation-api-2.1.1.jar:/home/vagrant/.m2/repository/org/slf4j/slf4j-api/2.0.9/slf4j-api-2.0.9.jar:/home/vagrant/.m2/repository/org/springframework/spring-aspects/6.0.13/spring-aspects-6.0.13.jar:/home/vagrant/.m2/repository/org/springframework/boot/spring-boot-starter-web/3.1.5/spring-boot-starter-web-3.1.5.jar:/home/vagrant/.m2/repository/org/springframework/boot/spring-boot-starter/3.1.5/spring-boot-starter-3.1.5.jar:/home/vagrant/.m2/repository/org/springframework/boot/spring-boot/3.1.5/spring-boot-3.1.5.jar:/home/vagrant/.m2/repository/org/springframework/boot/spring-boot-autoconfigure/3.1.5/spring-boot-autoconfigure-3.1.5.jar:/home/vagrant/.m2/repository/org/springframework/boot/spring-boot-starter-logging/3.1.5/spring-boot-starter-logging-3.1.5.jar:/home/vagrant/.m2/repository/ch/qos/logback/logback-classic/1.4.11/logback-classic-1.4.11.jar:/home/vagrant/.m2/repository/ch/qos/logback/logback-core/1.4.11/logback-core-1.4.11.jar:/home/vagrant/.m2/repository/org/apache/logging/log4j/log4j-to-slf4j/2.20.0/log4j-to-slf4j-2.20.0.jar:/home/vagrant/.m2/repository/org/apache/logging/log4j/log4j-api/2.20.0/log4j-api-2.20.0.jar:/home/vagrant/.m2/repository/org/slf4j/jul-to-slf4j/2.0.9/jul-to-slf4j-2.0.9.jar:/home/vagrant/.m2/repository/org/yaml/snakeyaml/1.33/snakeyaml-1.33.jar:/home/vagrant/.m2/repository/org/springframework/boot/spring-boot-starter-json/3.1.5/spring-boot-starter-json-3.1.5.jar:/home/vagrant/.m2/repository/com/fasterxml/jackson/core/jackson-databind/2.15.3/jackson-databind-2.15.3.jar:/home/vagrant/.m2/repository/com/fasterxml/jackson/core/jackson-annotations/2.15.3/jackson-annotations-2.15.3.jar:/home/vagrant/.m2/repository/com/fasterxml/jackson/core/jackson-core/2.15.3/jackson-core-2.15.3.jar:/home/vagrant/.m2/repository/com/fasterxml/jackson/datatype/jackson-datatype-jdk8/2.15.3/jackson-datatype-jdk8-2.15.3.jar:/home/vagrant/.m2/repository/com/fasterxml/jackson/datatype/jackson-datatype-jsr310/2.15.3/jackson-datatype-jsr310-2.15.3.jar:/home/vagrant/.m2/repository/com/fasterxml/jackson/module/jackson-module-parameter-names/2.15.3/jackson-module-parameter-names-2.15.3.jar:/home/vagrant/.m2/repository/org/springframework/boot/spring-boot-starter-tomcat/3.1.5/spring-boot-starter-tomcat-3.1.5.jar:/home/vagrant/.m2/repository/org/apache/tomcat/embed/tomcat-embed-core/10.1.15/tomcat-embed-core-10.1.15.jar:/home/vagrant/.m2/repository/org/apache/tomcat/embed/tomcat-embed-el/10.1.15/tomcat-embed-el-10.1.15.jar:/home/vagrant/.m2/repository/org/apache/tomcat/embed/tomcat-embed-websocket/10.1.15/tomcat-embed-websocket-10.1.15.jar:/home/vagrant/.m2/repository/org/springframework/spring-web/6.0.13/spring-web-6.0.13.jar:/home/vagrant/.m2/repository/io/micrometer/micrometer-observation/1.11.5/micrometer-observation-1.11.5.jar:/home/vagrant/.m2/repository/io/micrometer/micrometer-commons/1.11.5/micrometer-commons-1.11.5.jar:/home/vagrant/.m2/repository/org/springframework/spring-webmvc/6.0.13/spring-webmvc-6.0.13.jar:/home/vagrant/.m2/repository/org/springframework/spring-expression/6.0.13/spring-expression-6.0.13.jar:/home/vagrant/.m2/repository/com/mysql/mysql-connector-j/8.0.33/mysql-connector-j-8.0.33.jar:/home/vagrant/.m2/repository/org/projectlombok/lombok/1.18.30/lombok-1.18.30.jar:/home/vagrant/.m2/repository/org/springframework/boot/spring-boot-starter-test/3.1.5/spring-boot-starter-test-3.1.5.jar:/home/vagrant/.m2/repository/org/springframework/boot/spring-boot-test/3.1.5/spring-boot-test-3.1.5.jar:/home/vagrant/.m2/repository/org/springframework/boot/spring-boot-test-autoconfigure/3.1.5/spring-boot-test-autoconfigure-3.1.5.jar:/home/vagrant/.m2/repository/com/jayway/jsonpath/json-path/2.8.0/json-path-2.8.0.jar:/home/vagrant/.m2/repository/jakarta/xml/bind/jakarta.xml.bind-api/4.0.1/jakarta.xml.bind-api-4.0.1.jar:/home/vagrant/.m2/repository/jakarta/activation/jakarta.activation-api/2.1.2/jakarta.activation-api-2.1.2.jar:/home/vagrant/.m2/repository/net/minidev/json-smart/2.4.11/json-smart-2.4.11.jar:/home/vagrant/.m2/repository/net/minidev/accessors-smart/2.4.11/accessors-smart-2.4.11.jar:/home/vagrant/.m2/repository/org/ow2/asm/asm/9.3/asm-9.3.jar:/home/vagrant/.m2/repository/org/assertj/assertj-core/3.24.2/assertj-core-3.24.2.jar:/home/vagrant/.m2/repository/org/hamcrest/hamcrest/2.2/hamcrest-2.2.jar:/home/vagrant/.m2/repository/org/junit/jupiter/junit-jupiter/5.9.3/junit-jupiter-5.9.3.jar:/home/vagrant/.m2/repository/org/junit/jupiter/junit-jupiter-api/5.9.3/junit-jupiter-api-5.9.3.jar:/home/vagrant/.m2/repository/org/opentest4j/opentest4j/1.2.0/opentest4j-1.2.0.jar:/home/vagrant/.m2/repository/org/junit/platform/junit-platform-commons/1.9.3/junit-platform-commons-1.9.3.jar:/home/vagrant/.m2/repository/org/apiguardian/apiguardian-api/1.1.2/apiguardian-api-1.1.2.jar:/home/vagrant/.m2/repository/org/junit/jupiter/junit-jupiter-params/5.9.3/junit-jupiter-params-5.9.3.jar:/home/vagrant/.m2/repository/org/junit/jupiter/junit-jupiter-engine/5.9.3/junit-jupiter-engine-5.9.3.jar:/home/vagrant/.m2/repository/org/junit/platform/junit-platform-engine/1.9.3/junit-platform-engine-1.9.3.jar:/home/vagrant/.m2/repository/org/mockito/mockito-core/5.3.1/mockito-core-5.3.1.jar:/home/vagrant/.m2/repository/net/bytebuddy/byte-buddy-agent/1.14.9/byte-buddy-agent-1.14.9.jar:/home/vagrant/.m2/repository/org/objenesis/objenesis/3.3/objenesis-3.3.jar:/home/vagrant/.m2/repository/org/mockito/mockito-junit-jupiter/5.3.1/mockito-junit-jupiter-5.3.1.jar:/home/vagrant/.m2/repository/org/skyscreamer/jsonassert/1.5.1/jsonassert-1.5.1.jar:/home/vagrant/.m2/repository/com/vaadin/external/google/android-json/0.0.20131108.vaadin1/android-json-0.0.20131108.vaadin1.jar:/home/vagrant/.m2/repository/org/springframework/spring-core/6.0.13/spring-core-6.0.13.jar:/home/vagrant/.m2/repository/org/springframework/spring-jcl/6.0.13/spring-jcl-6.0.13.jar:/home/vagrant/.m2/repository/org/springframework/spring-test/6.0.13/spring-test-6.0.13.jar:/home/vagrant/.m2/repository/org/xmlunit/xmlunit-core/2.9.1/xmlunit-core-2.9.1.jar:/home/vagrant/.m2/repository/org/springdoc/springdoc-openapi-starter-webmvc-ui/2.0.0/springdoc-openapi-starter-webmvc-ui-2.0.0.jar:/home/vagrant/.m2/repository/org/springdoc/springdoc-openapi-starter-webmvc-api/2.0.0/springdoc-openapi-starter-webmvc-api-2.0.0.jar:/home/vagrant/.m2/repository/org/springdoc/springdoc-openapi-starter-common/2.0.0/springdoc-openapi-starter-common-2.0.0.jar:/home/vagrant/.m2/repository/io/swagger/core/v3/swagger-core-jakarta/2.2.7/swagger-core-jakarta-2.2.7.jar:/home/vagrant/.m2/repository/org/apache/commons/commons-lang3/3.12.0/commons-lang3-3.12.0.jar:/home/vagrant/.m2/repository/io/swagger/core/v3/swagger-annotations-jakarta/2.2.7/swagger-annotations-jakarta-2.2.7.jar:/home/vagrant/.m2/repository/io/swagger/core/v3/swagger-models-jakarta/2.2.7/swagger-models-jakarta-2.2.7.jar:/home/vagrant/.m2/repository/jakarta/validation/jakarta.validation-api/3.0.2/jakarta.validation-api-3.0.2.jar:/home/vagrant/.m2/repository/com/fasterxml/jackson/dataformat/jackson-dataformat-yaml/2.15.3/jackson-dataformat-yaml-2.15.3.jar:/home/vagrant/.m2/repository/org/webjars/swagger-ui/4.15.5/swagger-ui-4.15.5.jar:/home/vagrant/.m2/repository/org/webjars/webjars-locator-core/0.52/webjars-locator-core-0.52.jar:/home/vagrant/.m2/repository/io/github/classgraph/classgraph/4.8.149/classgraph-4.8.149.jar:/home/vagrant/.m2/repository/org/springdoc/springdoc-openapi-ui/1.6.14/springdoc-openapi-ui-1.6.14.jar:/home/vagrant/.m2/repository/org/springdoc/springdoc-openapi-webmvc-core/1.6.14/springdoc-openapi-webmvc-core-1.6.14.jar:/home/vagrant/.m2/repository/org/springdoc/springdoc-openapi-common/1.6.14/springdoc-openapi-common-1.6.14.jar:/home/vagrant/.m2/repository/io/swagger/core/v3/swagger-core/2.2.7/swagger-core-2.2.7.jar:/home/vagrant/.m2/repository/io/swagger/core/v3/swagger-annotations/2.2.7/swagger-annotations-2.2.7.jar:/home/vagrant/.m2/repository/io/swagger/core/v3/swagger-models/2.2.7/swagger-models-2.2.7.jar:/home/vagrant/.m2/repository/com/h2database/h2/2.1.214/h2-2.1.214.jar:"/>
    <property name="java.vm.vendor" value="Ubuntu"/>
    <property name="sun.arch.data.model" value="64"/>
    <property name="java.vendor.url" value="https://ubuntu.com/"/>
    <property name="user.timezone" value="Etc/UTC"/>
    <property name="org.jboss.logging.provider" value="slf4j"/>
    <property name="os.name" value="Linux"/>
    <property name="java.vm.specification.version" value="17"/>
    <property name="sun.java.launcher" value="SUN_STANDARD"/>
    <property name="user.country" value="US"/>
    <property name="sun.boot.library.path" value="/usr/lib/jvm/java-17-openjdk-amd64/lib"/>
    <property name="sun.java.command" value="/home/vagrant/Desktop/New Folder 1/devops/target/surefire/surefirebooter-20241103142804971_3.jar /home/vagrant/Desktop/New Folder 1/devops/target/surefire 2024-11-03T14-28-04_707-jvmRun1 surefire-20241103142804971_1tmp surefire_0-20241103142804971_2tmp"/>
    <property name="jdk.debug" value="release"/>
    <property name="surefire.test.class.path" value="/home/vagrant/Desktop/New Folder 1/devops/target/test-classes:/home/vagrant/Desktop/New Folder 1/devops/target/classes:/home/vagrant/.m2/repository/org/springframework/boot/spring-boot-starter-data-jpa/3.1.5/spring-boot-starter-data-jpa-3.1.5.jar:/home/vagrant/.m2/repository/org/springframework/boot/spring-boot-starter-aop/3.1.5/spring-boot-starter-aop-3.1.5.jar:/home/vagrant/.m2/repository/org/springframework/spring-aop/6.0.13/spring-aop-6.0.13.jar:/home/vagrant/.m2/repository/org/aspectj/aspectjweaver/1.9.20/aspectjweaver-1.9.20.jar:/home/vagrant/.m2/repository/org/springframework/boot/spring-boot-starter-jdbc/3.1.5/spring-boot-starter-jdbc-3.1.5.jar:/home/vagrant/.m2/repository/com/zaxxer/HikariCP/5.0.1/HikariCP-5.0.1.jar:/home/vagrant/.m2/repository/org/springframework/spring-jdbc/6.0.13/spring-jdbc-6.0.13.jar:/home/vagrant/.m2/repository/org/hibernate/orm/hibernate-core/6.2.13.Final/hibernate-core-6.2.13.Final.jar:/home/vagrant/.m2/repository/jakarta/persistence/jakarta.persistence-api/3.1.0/jakarta.persistence-api-3.1.0.jar:/home/vagrant/.m2/repository/jakarta/transaction/jakarta.transaction-api/2.0.1/jakarta.transaction-api-2.0.1.jar:/home/vagrant/.m2/repository/org/jboss/logging/jboss-logging/3.5.3.Final/jboss-logging-3.5.3.Final.jar:/home/vagrant/.m2/repository/org/hibernate/common/hibernate-commons-annotations/6.0.6.Final/hibernate-commons-annotations-6.0.6.Final.jar:/home/vagrant/.m2/repository/io/smallrye/jandex/3.0.5/jandex-3.0.5.jar:/home/vagrant/.m2/repository/com/fasterxml/classmate/1.5.1/classmate-1.5.1.jar:/home/vagrant/.m2/repository/net/bytebuddy/byte-buddy/1.14.9/byte-buddy-1.14.9.jar:/home/vagrant/.m2/repository/org/glassfish/jaxb/jaxb-runtime/4.0.3/jaxb-runtime-4.0.3.jar:/home/vagrant/.m2/repository/org/glassfish/jaxb/jaxb-core/4.0.3/jaxb-core-4.0.3.jar:/home/vagrant/.m2/repository/org/eclipse/angus/angus-activation/2.0.1/angus-activation-2.0.1.jar:/home/vagrant/.m2/repository/org/glassfish/jaxb/txw2/4.0.3/txw2-4.0.3.jar:/home/vagrant/.m2/repository/com/sun/istack/istack-commons-runtime/4.1.2/istack-commons-runtime-4.1.2.jar:/home/vagrant/.m2/repository/jakarta/inject/jakarta.inject-api/2.0.1/jakarta.inject-api-2.0.1.jar:/home/vagrant/.m2/repository/org/antlr/antlr4-runtime/4.10.1/antlr4-runtime-4.10.1.jar:/home/vagrant/.m2/repository/org/springframework/data/spring-data-jpa/3.1.5/spring-data-jpa-3.1.5.jar:/home/vagrant/.m2/repository/org/springframework/data/spring-data-commons/3.1.5/spring-data-commons-3.1.5.jar:/home/vagrant/.m2/repository/org/springframework/spring-orm/6.0.13/spring-orm-6.0.13.jar:/home/vagrant/.m2/repository/org/springframework/spring-context/6.0.13/spring-context-6.0.13.jar:/home/vagrant/.m2/repository/org/springframework/spring-tx/6.0.13/spring-tx-6.0.13.jar:/home/vagrant/.m2/repository/org/springframework/spring-beans/6.0.13/spring-beans-6.0.13.jar:/home/vagrant/.m2/repository/jakarta/annotation/jakarta.annotation-api/2.1.1/jakarta.annotation-api-2.1.1.jar:/home/vagrant/.m2/repository/org/slf4j/slf4j-api/2.0.9/slf4j-api-2.0.9.jar:/home/vagrant/.m2/repository/org/springframework/spring-aspects/6.0.13/spring-aspects-6.0.13.jar:/home/vagrant/.m2/repository/org/springframework/boot/spring-boot-starter-web/3.1.5/spring-boot-starter-web-3.1.5.jar:/home/vagrant/.m2/repository/org/springframework/boot/spring-boot-starter/3.1.5/spring-boot-starter-3.1.5.jar:/home/vagrant/.m2/repository/org/springframework/boot/spring-boot/3.1.5/spring-boot-3.1.5.jar:/home/vagrant/.m2/repository/org/springframework/boot/spring-boot-autoconfigure/3.1.5/spring-boot-autoconfigure-3.1.5.jar:/home/vagrant/.m2/repository/org/springframework/boot/spring-boot-starter-logging/3.1.5/spring-boot-starter-logging-3.1.5.jar:/home/vagrant/.m2/repository/ch/qos/logback/logback-classic/1.4.11/logback-classic-1.4.11.jar:/home/vagrant/.m2/repository/ch/qos/logback/logback-core/1.4.11/logback-core-1.4.11.jar:/home/vagrant/.m2/repository/org/apache/logging/log4j/log4j-to-slf4j/2.20.0/log4j-to-slf4j-2.20.0.jar:/home/vagrant/.m2/repository/org/apache/logging/log4j/log4j-api/2.20.0/log4j-api-2.20.0.jar:/home/vagrant/.m2/repository/org/slf4j/jul-to-slf4j/2.0.9/jul-to-slf4j-2.0.9.jar:/home/vagrant/.m2/repository/org/yaml/snakeyaml/1.33/snakeyaml-1.33.jar:/home/vagrant/.m2/repository/org/springframework/boot/spring-boot-starter-json/3.1.5/spring-boot-starter-json-3.1.5.jar:/home/vagrant/.m2/repository/com/fasterxml/jackson/core/jackson-databind/2.15.3/jackson-databind-2.15.3.jar:/home/vagrant/.m2/repository/com/fasterxml/jackson/core/jackson-annotations/2.15.3/jackson-annotations-2.15.3.jar:/home/vagrant/.m2/repository/com/fasterxml/jackson/core/jackson-core/2.15.3/jackson-core-2.15.3.jar:/home/vagrant/.m2/repository/com/fasterxml/jackson/datatype/jackson-datatype-jdk8/2.15.3/jackson-datatype-jdk8-2.15.3.jar:/home/vagrant/.m2/repository/com/fasterxml/jackson/datatype/jackson-datatype-jsr310/2.15.3/jackson-datatype-jsr310-2.15.3.jar:/home/vagrant/.m2/repository/com/fasterxml/jackson/module/jackson-module-parameter-names/2.15.3/jackson-module-parameter-names-2.15.3.jar:/home/vagrant/.m2/repository/org/springframework/boot/spring-boot-starter-tomcat/3.1.5/spring-boot-starter-tomcat-3.1.5.jar:/home/vagrant/.m2/repository/org/apache/tomcat/embed/tomcat-embed-core/10.1.15/tomcat-embed-core-10.1.15.jar:/home/vagrant/.m2/repository/org/apache/tomcat/embed/tomcat-embed-el/10.1.15/tomcat-embed-el-10.1.15.jar:/home/vagrant/.m2/repository/org/apache/tomcat/embed/tomcat-embed-websocket/10.1.15/tomcat-embed-websocket-10.1.15.jar:/home/vagrant/.m2/repository/org/springframework/spring-web/6.0.13/spring-web-6.0.13.jar:/home/vagrant/.m2/repository/io/micrometer/micrometer-observation/1.11.5/micrometer-observation-1.11.5.jar:/home/vagrant/.m2/repository/io/micrometer/micrometer-commons/1.11.5/micrometer-commons-1.11.5.jar:/home/vagrant/.m2/repository/org/springframework/spring-webmvc/6.0.13/spring-webmvc-6.0.13.jar:/home/vagrant/.m2/repository/org/springframework/spring-expression/6.0.13/spring-expression-6.0.13.jar:/home/vagrant/.m2/repository/com/mysql/mysql-connector-j/8.0.33/mysql-connector-j-8.0.33.jar:/home/vagrant/.m2/repository/org/projectlombok/lombok/1.18.30/lombok-1.18.30.jar:/home/vagrant/.m2/repository/org/springframework/boot/spring-boot-starter-test/3.1.5/spring-boot-starter-test-3.1.5.jar:/home/vagrant/.m2/repository/org/springframework/boot/spring-boot-test/3.1.5/spring-boot-test-3.1.5.jar:/home/vagrant/.m2/repository/org/springframework/boot/spring-boot-test-autoconfigure/3.1.5/spring-boot-test-autoconfigure-3.1.5.jar:/home/vagrant/.m2/repository/com/jayway/jsonpath/json-path/2.8.0/json-path-2.8.0.jar:/home/vagrant/.m2/repository/jakarta/xml/bind/jakarta.xml.bind-api/4.0.1/jakarta.xml.bind-api-4.0.1.jar:/home/vagrant/.m2/repository/jakarta/activation/jakarta.activation-api/2.1.2/jakarta.activation-api-2.1.2.jar:/home/vagrant/.m2/repository/net/minidev/json-smart/2.4.11/json-smart-2.4.11.jar:/home/vagrant/.m2/repository/net/minidev/accessors-smart/2.4.11/accessors-smart-2.4.11.jar:/home/vagrant/.m2/repository/org/ow2/asm/asm/9.3/asm-9.3.jar:/home/vagrant/.m2/repository/org/assertj/assertj-core/3.24.2/assertj-core-3.24.2.jar:/home/vagrant/.m2/repository/org/hamcrest/hamcrest/2.2/hamcrest-2.2.jar:/home/vagrant/.m2/repository/org/junit/jupiter/junit-jupiter/5.9.3/junit-jupiter-5.9.3.jar:/home/vagrant/.m2/repository/org/junit/jupiter/junit-jupiter-api/5.9.3/junit-jupiter-api-5.9.3.jar:/home/vagrant/.m2/repository/org/opentest4j/opentest4j/1.2.0/opentest4j-1.2.0.jar:/home/vagrant/.m2/repository/org/junit/platform/junit-platform-commons/1.9.3/junit-platform-commons-1.9.3.jar:/home/vagrant/.m2/repository/org/apiguardian/apiguardian-api/1.1.2/apiguardian-api-1.1.2.jar:/home/vagrant/.m2/repository/org/junit/jupiter/junit-jupiter-params/5.9.3/junit-jupiter-params-5.9.3.jar:/home/vagrant/.m2/repository/org/junit/jupiter/junit-jupiter-engine/5.9.3/junit-jupiter-engine-5.9.3.jar:/home/vagrant/.m2/repository/org/junit/platform/junit-platform-engine/1.9.3/junit-platform-engine-1.9.3.jar:/home/vagrant/.m2/repository/org/mockito/mockito-core/5.3.1/mockito-core-5.3.1.jar:/home/vagrant/.m2/repository/net/bytebuddy/byte-buddy-agent/1.14.9/byte-buddy-agent-1.14.9.jar:/home/vagrant/.m2/repository/org/objenesis/objenesis/3.3/objenesis-3.3.jar:/home/vagrant/.m2/repository/org/mockito/mockito-junit-jupiter/5.3.1/mockito-junit-jupiter-5.3.1.jar:/home/vagrant/.m2/repository/org/skyscreamer/jsonassert/1.5.1/jsonassert-1.5.1.jar:/home/vagrant/.m2/repository/com/vaadin/external/google/android-json/0.0.20131108.vaadin1/android-json-0.0.20131108.vaadin1.jar:/home/vagrant/.m2/repository/org/springframework/spring-core/6.0.13/spring-core-6.0.13.jar:/home/vagrant/.m2/repository/org/springframework/spring-jcl/6.0.13/spring-jcl-6.0.13.jar:/home/vagrant/.m2/repository/org/springframework/spring-test/6.0.13/spring-test-6.0.13.jar:/home/vagrant/.m2/repository/org/xmlunit/xmlunit-core/2.9.1/xmlunit-core-2.9.1.jar:/home/vagrant/.m2/repository/org/springdoc/springdoc-openapi-starter-webmvc-ui/2.0.0/springdoc-openapi-starter-webmvc-ui-2.0.0.jar:/home/vagrant/.m2/repository/org/springdoc/springdoc-openapi-starter-webmvc-api/2.0.0/springdoc-openapi-starter-webmvc-api-2.0.0.jar:/home/vagrant/.m2/repository/org/springdoc/springdoc-openapi-starter-common/2.0.0/springdoc-openapi-starter-common-2.0.0.jar:/home/vagrant/.m2/repository/io/swagger/core/v3/swagger-core-jakarta/2.2.7/swagger-core-jakarta-2.2.7.jar:/home/vagrant/.m2/repository/org/apache/commons/commons-lang3/3.12.0/commons-lang3-3.12.0.jar:/home/vagrant/.m2/repository/io/swagger/core/v3/swagger-annotations-jakarta/2.2.7/swagger-annotations-jakarta-2.2.7.jar:/home/vagrant/.m2/repository/io/swagger/core/v3/swagger-models-jakarta/2.2.7/swagger-models-jakarta-2.2.7.jar:/home/vagrant/.m2/repository/jakarta/validation/jakarta.validation-api/3.0.2/jakarta.validation-api-3.0.2.jar:/home/vagrant/.m2/repository/com/fasterxml/jackson/dataformat/jackson-dataformat-yaml/2.15.3/jackson-dataformat-yaml-2.15.3.jar:/home/vagrant/.m2/repository/org/webjars/swagger-ui/4.15.5/swagger-ui-4.15.5.jar:/home/vagrant/.m2/repository/org/webjars/webjars-locator-core/0.52/webjars-locator-core-0.52.jar:/home/vagrant/.m2/repository/io/github/classgraph/classgraph/4.8.149/classgraph-4.8.149.jar:/home/vagrant/.m2/repository/org/springdoc/springdoc-openapi-ui/1.6.14/springdoc-openapi-ui-1.6.14.jar:/home/vagrant/.m2/repository/org/springdoc/springdoc-openapi-webmvc-core/1.6.14/springdoc-openapi-webmvc-core-1.6.14.jar:/home/vagrant/.m2/repository/org/springdoc/springdoc-openapi-common/1.6.14/springdoc-openapi-common-1.6.14.jar:/home/vagrant/.m2/repository/io/swagger/core/v3/swagger-core/2.2.7/swagger-core-2.2.7.jar:/home/vagrant/.m2/repository/io/swagger/core/v3/swagger-annotations/2.2.7/swagger-annotations-2.2.7.jar:/home/vagrant/.m2/repository/io/swagger/core/v3/swagger-models/2.2.7/swagger-models-2.2.7.jar:/home/vagrant/.m2/repository/com/h2database/h2/2.1.214/h2-2.1.214.jar:"/>
    <property name="sun.cpu.endian" value="little"/>
    <property name="user.home" value="/home/vagrant"/>
    <property name="user.language" value="en"/>
    <property name="java.specification.vendor" value="Oracle Corporation"/>
    <property name="java.version.date" value="2024-07-16"/>
    <property name="java.home" value="/usr/lib/jvm/java-17-openjdk-amd64"/>
    <property name="file.separator" value="/"/>
    <property name="basedir" value="/home/vagrant/Desktop/New Folder 1/devops"/>
    <property name="java.vm.compressedOopsMode" value="Zero based"/>
    <property name="line.separator" value="&#10;"/>
    <property name="java.specification.name" value="Java Platform API Specification"/>
    <property name="java.vm.specification.vendor" value="Oracle Corporation"/>
    <property name="FILE_LOG_CHARSET" value="UTF-8"/>
    <property name="java.awt.headless" value="true"/>
    <property name="surefire.real.class.path" value="/home/vagrant/Desktop/New Folder 1/devops/target/surefire/surefirebooter-20241103142804971_3.jar"/>
    <property name="sun.management.compiler" value="HotSpot 64-Bit Tiered Compilers"/>
    <property name="java.runtime.version" value="17.0.12+7-Ubuntu-1ubuntu222.04"/>
    <property name="user.name" value="vagrant"/>
    <property name="path.separator" value=":"/>
    <property name="os.version" value="5.15.0-116-generic"/>
    <property name="java.runtime.name" value="OpenJDK Runtime Environment"/>
    <property name="file.encoding" value="UTF-8"/>
    <property name="java.vm.name" value="OpenJDK 64-Bit Server VM"/>
    <property name="localRepository" value="/home/vagrant/.m2/repository"/>
    <property name="java.vendor.url.bug" value="https://bugs.launchpad.net/ubuntu/+source/openjdk-17"/>
    <property name="java.io.tmpdir" value="/tmp"/>
    <property name="java.version" value="17.0.12"/>
    <property name="user.dir" value="/home/vagrant/Desktop/New Folder 1/devops"/>
    <property name="os.arch" value="amd64"/>
    <property name="java.vm.specification.name" value="Java Virtual Machine Specification"/>
    <property name="PID" value="2576"/>
    <property name="CONSOLE_LOG_CHARSET" value="UTF-8"/>
    <property name="native.encoding" value="UTF-8"/>
    <property name="java.library.path" value="/usr/java/packages/lib:/usr/lib/x86_64-linux-gnu/jni:/lib/x86_64-linux-gnu:/usr/lib/x86_64-linux-gnu:/usr/lib/jni:/lib:/usr/lib"/>
    <property name="java.vm.info" value="mixed mode, sharing"/>
    <property name="java.vendor" value="Ubuntu"/>
    <property name="java.vm.version" value="17.0.12+7-Ubuntu-1ubuntu222.04"/>
    <property name="sun.io.unicode.encoding" value="UnicodeLittle"/>
    <property name="java.class.version" value="61.0"/>
  </properties>
  <testcase name="testUpdateEtudiant" classname="tn.esprit.spring.Services.Etudiant.EtudiantRepositoryTest" time="1.461">
    <system-out><![CDATA[14:28:07.549 [main] INFO org.springframework.test.context.support.AnnotationConfigContextLoaderUtils -- Could not detect default configuration classes for test class [tn.esprit.spring.Services.Etudiant.EtudiantRepositoryTest]: EtudiantRepositoryTest does not declare any static, non-private, non-final, nested classes annotated with @Configuration.
14:28:07.921 [main] INFO org.springframework.boot.test.context.SpringBootTestContextBootstrapper -- Found @SpringBootConfiguration tn.esprit.spring.FoyerApplication for test class tn.esprit.spring.Services.Etudiant.EtudiantRepositoryTest

  .   ____          _            __ _ _
 /\\ / ___'_ __ _ _(_)_ __  __ _ \ \ \ \
( ( )\___ | '_ | '_| | '_ \/ _` | \ \ \ \
 \\/  ___)| |_)| | | | | || (_| |  ) ) ) )
  '  |____| .__|_| |_|_| |_\__, | / / / /
 =========|_|==============|___/=/_/_/_/
 :: Spring Boot ::                (v3.1.5)

2024-11-03T14:28:08.724Z  INFO 2576 --- [           main] t.e.s.S.Etudiant.EtudiantRepositoryTest  : Starting EtudiantRepositoryTest using Java 17.0.12 with PID 2576 (started by vagrant in /home/vagrant/Desktop/New Folder 1/devops)
2024-11-03T14:28:08.725Z  INFO 2576 --- [           main] t.e.s.S.Etudiant.EtudiantRepositoryTest  : No active profile set, falling back to 1 default profile: "default"
2024-11-03T14:28:10.320Z  INFO 2576 --- [           main] .s.d.r.c.RepositoryConfigurationDelegate : Bootstrapping Spring Data JPA repositories in DEFAULT mode.
2024-11-03T14:28:10.530Z  INFO 2576 --- [           main] .s.d.r.c.RepositoryConfigurationDelegate : Finished Spring Data repository scanning in 194 ms. Found 6 JPA repository interfaces.
2024-11-03T14:28:10.690Z  INFO 2576 --- [           main] beddedDataSourceBeanFactoryPostProcessor : Replacing 'dataSource' DataSource bean with embedded version
2024-11-03T14:28:11.007Z  INFO 2576 --- [           main] o.s.j.d.e.EmbeddedDatabaseFactory        : Starting embedded database: url='jdbc:h2:mem:8c3fce91-a709-4d1f-87a9-4f6e28ac721c;DB_CLOSE_DELAY=-1;DB_CLOSE_ON_EXIT=false', username='sa'
2024-11-03T14:28:11.777Z  INFO 2576 --- [           main] o.hibernate.jpa.internal.util.LogHelper  : HHH000204: Processing PersistenceUnitInfo [name: default]
2024-11-03T14:28:11.921Z  INFO 2576 --- [           main] org.hibernate.Version                    : HHH000412: Hibernate ORM core version 6.2.13.Final
2024-11-03T14:28:11.925Z  INFO 2576 --- [           main] org.hibernate.cfg.Environment            : HHH000406: Using bytecode reflection optimizer
2024-11-03T14:28:12.465Z  INFO 2576 --- [           main] o.s.o.j.p.SpringPersistenceUnitInfo      : No LoadTimeWeaver setup: ignoring JPA class transformer
2024-11-03T14:28:15.384Z  INFO 2576 --- [           main] o.h.e.t.j.p.i.JtaPlatformInitiator       : HHH000489: No JTA platform available (set 'hibernate.transaction.jta.platform' to enable JTA platform integration)
Hibernate: create table t_bloc (id_bloc bigint generated by default as identity, capacite_bloc bigint not null, nom_bloc varchar(255), foyer_id_foyer bigint, primary key (id_bloc))
Hibernate: create table t_chambre (id_chambre bigint generated by default as identity, numero_chambre bigint, typec varchar(255) check (typec in ('SIMPLE','DOUBLE','TRIPLE')), bloc_id_bloc bigint, primary key (id_chambre))
Hibernate: create table t_chambre_reservations (chambre_id_chambre bigint not null, reservations_id_reservation varchar(255) not null)
Hibernate: create table t_etudiant (id_etudiant bigint generated by default as identity, cin bigint not null, date_naissance date, ecole varchar(255), nom_et varchar(255), prenom_et varchar(255), primary key (id_etudiant))
Hibernate: create table t_foyer (id_foyer bigint generated by default as identity, capacite_foyer bigint not null, nom_foyer varchar(255), primary key (id_foyer))
Hibernate: create table t_reservation (id_reservation varchar(255) not null, annee_universitaire date, est_valide boolean not null, primary key (id_reservation))
Hibernate: create table t_reservation_etudiants (reservations_id_reservation varchar(255) not null, etudiants_id_etudiant bigint not null)
Hibernate: create table t_universite (id_universite bigint generated by default as identity, adresse varchar(255), nom_universite varchar(255), foyer_id_foyer bigint, primary key (id_universite))
Hibernate: alter table if exists t_chambre drop constraint if exists UK_bfddkqmdeaegbdbk0q474to82
Hibernate: alter table if exists t_chambre add constraint UK_bfddkqmdeaegbdbk0q474to82 unique (numero_chambre)
Hibernate: alter table if exists t_chambre_reservations drop constraint if exists UK_tjokkk22md2kputl7s64mpogq
Hibernate: alter table if exists t_chambre_reservations add constraint UK_tjokkk22md2kputl7s64mpogq unique (reservations_id_reservation)
Hibernate: alter table if exists t_universite drop constraint if exists UK_ppt7brh5iu3sdk26kydqxb4pb
Hibernate: alter table if exists t_universite add constraint UK_ppt7brh5iu3sdk26kydqxb4pb unique (foyer_id_foyer)
Hibernate: alter table if exists t_bloc add constraint FKjjwhlcwla3ys5yp36m0aqivdr foreign key (foyer_id_foyer) references t_foyer
Hibernate: alter table if exists t_chambre add constraint FKhccfibngldb9t3wa06xg1qhfk foreign key (bloc_id_bloc) references t_bloc
Hibernate: alter table if exists t_chambre_reservations add constraint FKcmffjxrqi7cnh819m0fddx65h foreign key (reservations_id_reservation) references t_reservation
Hibernate: alter table if exists t_chambre_reservations add constraint FKfxbc8lgdbrm52ol9slhm11qy8 foreign key (chambre_id_chambre) references t_chambre
Hibernate: alter table if exists t_reservation_etudiants add constraint FKsa01fwp72jakxi8b9soapl32w foreign key (etudiants_id_etudiant) references t_etudiant
Hibernate: alter table if exists t_reservation_etudiants add constraint FKko0c1l3ctx308jlueriyg90yc foreign key (reservations_id_reservation) references t_reservation
Hibernate: alter table if exists t_universite add constraint FKl8ocoh5hm4gvsp0sqbk4dw4gp foreign key (foyer_id_foyer) references t_foyer
2024-11-03T14:28:15.513Z  INFO 2576 --- [           main] j.LocalContainerEntityManagerFactoryBean : Initialized JPA EntityManagerFactory for persistence unit 'default'
2024-11-03T14:28:16.306Z  INFO 2576 --- [           main] o.s.d.j.r.query.QueryEnhancerFactory     : Hibernate is in classpath; If applicable, HQL parser will be used.
2024-11-03T14:28:17.363Z  INFO 2576 --- [           main] t.e.s.S.Etudiant.EtudiantRepositoryTest  : Started EtudiantRepositoryTest in 9.285 seconds (process running for 12.266)
Hibernate: insert into t_etudiant (cin,date_naissance,ecole,nom_et,prenom_et,id_etudiant) values (?,?,?,?,?,default)
]]></system-out>
  </testcase>
  <testcase name="testFindAll" classname="tn.esprit.spring.Services.Etudiant.EtudiantRepositoryTest" time="0.341">
    <system-out><![CDATA[Hibernate: insert into t_etudiant (cin,date_naissance,ecole,nom_et,prenom_et,id_etudiant) values (?,?,?,?,?,default)
Hibernate: insert into t_etudiant (cin,date_naissance,ecole,nom_et,prenom_et,id_etudiant) values (?,?,?,?,?,default)
Hibernate: select e1_0.id_etudiant,e1_0.cin,e1_0.date_naissance,e1_0.ecole,e1_0.nom_et,e1_0.prenom_et from t_etudiant e1_0
]]></system-out>
  </testcase>
  <testcase name="testSaveEtudiant" classname="tn.esprit.spring.Services.Etudiant.EtudiantRepositoryTest" time="0.042">
    <system-out><![CDATA[Hibernate: insert into t_etudiant (cin,date_naissance,ecole,nom_et,prenom_et,id_etudiant) values (?,?,?,?,?,default)
]]></system-out>
  </testcase>
  <testcase name="testDeleteEtudiant" classname="tn.esprit.spring.Services.Etudiant.EtudiantRepositoryTest" time="0.175">
    <system-out><![CDATA[Hibernate: insert into t_etudiant (cin,date_naissance,ecole,nom_et,prenom_et,id_etudiant) values (?,?,?,?,?,default)
]]></system-out>
  </testcase>
  <testcase name="testFindById" classname="tn.esprit.spring.Services.Etudiant.EtudiantRepositoryTest" time="0.064">
    <system-out><![CDATA[Hibernate: insert into t_etudiant (cin,date_naissance,ecole,nom_et,prenom_et,id_etudiant) values (?,?,?,?,?,default)
]]></system-out>
  </testcase>
</testsuite>